Arguments: 
  C:\Program Files\nodejs\node.exe C:\Program Files\nodejs\node_modules\yarn\bin\yarn.js init

PATH: 
  C:\Users\29463\bin;D:\Git\mingw64\bin;D:\Git\usr\local\bin;D:\Git\usr\bin;D:\Git\usr\bin;D:\Git\mingw64\bin;D:\Git\usr\bin;C:\Users\29463\bin;C:\Program Files\Python38\Scripts;C:\Program Files\Python38;C:\Python39\Scripts;C:\Python39;C:\Windows\system32;C:\Windows;C:\Windows\System32\Wbem;C:\Windows\System32\WindowsPowerShell\v1.0;C:\Windows\System32\OpenSSH;Git\cmd;C:\ProgramData\chocolatey\bin;C:\Program Files\PuTTY;C:\Android;C:\Windows\System32;sqlite-tools-win32-x86-3360000;C:\Program Files\Docker\Docker\resources\bin;C:\ProgramData\DockerDesktop\version-bin;E:\nvm;%NVM_HOME%;%NVM_SYMLINK%;C:\Users\29463\AppData\Local\Microsoft\WindowsApps;Microsoft VS Code\bin;C:\Program Files\Java\jre1.8.0_281\bin;C:\Windows\System32\OpenSSH;D:\Microsoft VS Code\bin;D:\Git\usr\bin;F:\nvm;C:\Program Files\nodejs;D:\Git\usr\bin\vendor_perl;D:\Git\usr\bin\core_perl

Yarn version: 
  1.22.19

Node version: 
  14.19.1

Platform: 
  win32 x64

Trace: 
  Error: Can't answer a question unless a user TTY
      at ConsoleReporter.question (F:\nvm\v14.19.1\node_modules\yarn\lib\cli.js:92864:59)
      at Object.<anonymous> (F:\nvm\v14.19.1\node_modules\yarn\lib\cli.js:85054:38)
      at Generator.next (<anonymous>)
      at step (F:\nvm\v14.19.1\node_modules\yarn\lib\cli.js:310:30)
      at F:\nvm\v14.19.1\node_modules\yarn\lib\cli.js:321:13
      at processTicksAndRejections (internal/process/task_queues.js:95:5)

npm manifest: 
  No manifest

yarn manifest: 
  No manifest

Lockfile: 
  No lockfile
